Temp/gradleOut/build/outputs/logs/manifest-merger-release-report.txt
-- Merging decision tree log ---
manifest
ADDED from src/main/AndroidManifest.xml:2:1-32:12
INJECTED from src/main/AndroidManifest.xml:2:1-32:12
INJECTED from src/main/AndroidManifest.xml:2:1-32:12
INJECTED from src/main/AndroidManifest.xml:2:1-32:12
MERGED from [:android.arch.lifecycle.runtime-1.0.0:] AndroidManifest.xml:17:1-30:12
MERGED from [:com.android.support.animated-vector-drawable-26.1.0:] AndroidManifest.xml:17:1-28:12
MERGED from [:com.android.support.appcompat-v7-26.1.0:] AndroidManifest.xml:17:1-31:12
MERGED from [:com.android.support.cardview-v7-26.1.0:] AndroidManifest.xml:17:1-28:12
MERGED from [:com.android.support.customtabs-26.1.0:] AndroidManifest.xml:17:1-28:12
MERGED from [:com.android.support.support-compat-26.1.0:] AndroidManifest.xml:17:1-31:12
MERGED from [:com.android.support.support-core-ui-26.1.0:] AndroidManifest.xml:17:1-31:12
MERGED from [:com.android.support.support-core-utils-26.1.0:] AndroidManifest.xml:17:1-31:12
MERGED from [:com.android.support.support-fragment-26.1.0:] AndroidManifest.xml:17:1-31:12
MERGED from [:com.android.support.support-media-compat-26.1.0:] AndroidManifest.xml:17:1-31:12
MERGED from [:com.android.support.support-v4-26.1.0:] AndroidManifest.xml:17:1-31:12
MERGED from [:com.android.support.support-vector-drawable-26.1.0:] AndroidManifest.xml:17:1-28:12
MERGED from [:com.google.android.gms.play-services-ads-15.0.1:] AndroidManifest.xml:17:1-25:12
MERGED from [:com.google.android.gms.play-services-ads-base-15.0.1:] AndroidManifest.xml:17:1-24:12
MERGED from [:com.google.android.gms.play-services-ads-identifier-15.0.1:] AndroidManifest.xml:17:1-24:12
MERGED from [:com.google.android.gms.play-services-ads-lite-15.0.1:] AndroidManifest.xml:17:1-36:12
MERGED from [:com.google.android.gms.play-services-base-15.0.1:] AndroidManifest.xml:17:1-29:12
MERGED from [:com.google.android.gms.play-services-basement-15.0.1:] AndroidManifest.xml:17:1-28:12
MERGED from [:com.google.android.gms.play-services-flags-15.0.1:] AndroidManifest.xml:17:1-22:12
MERGED from [:com.google.android.gms.play-services-gass-15.0.1:] AndroidManifest.xml:2:1-9:12
MERGED from [:com.google.android.gms.play-services-measurement-api-16.0.1:] AndroidManifest.xml:17:1-25:12
MERGED from [:com.google.android.gms.play-services-measurement-base-16.0.2:] AndroidManifest.xml:2:1-9:12
MERGED from [:com.google.android.gms.play-services-stats-15.0.1:] AndroidManifest.xml:2:1-9:12
MERGED from [:com.google.android.gms.play-services-tasks-15.0.1:] AndroidManifest.xml:2:1-9:12
MERGED from [:com.google.firebase.firebase-analytics-16.0.3:] AndroidManifest.xml:17:1-55:12
MERGED from [:com.google.firebase.firebase-analytics-impl-16.2.1:] AndroidManifest.xml:17:1-40:12
MERGED from [:com.google.firebase.firebase-app-unity-5.3.0:] AndroidManifest.xml:3:1-8:12
MERGED from [:com.google.firebase.firebase-auth-16.0.3:] AndroidManifest.xml:17:1-38:12
MERGED from [:com.google.firebase.firebase-auth-interop-16.0.0:] AndroidManifest.xml:2:1-10:12
MERGED from [:com.google.firebase.firebase-auth-unity-5.3.0:] AndroidManifest.xml:3:1-8:12
MERGED from [:com.google.firebase.firebase-common-16.0.1:] AndroidManifest.xml:2:1-7:12
MERGED from [:com.google.firebase.firebase-core-16.0.3:] AndroidManifest.xml:2:1-9:12
MERGED from [:com.google.firebase.firebase-database-16.0.1:] AndroidManifest.xml:2:1-8:12
MERGED from [:com.google.firebase.firebase-database-collection-15.0.1:] AndroidManifest.xml:2:1-8:12
MERGED from [:com.google.firebase.firebase-database-connection-16.0.1:] AndroidManifest.xml:2:1-10:12
MERGED from [:com.google.firebase.firebase-database-unity-5.3.0:] AndroidManifest.xml:3:1-8:12
MERGED from [:com.google.firebase.firebase-iid-16.0.0:] AndroidManifest.xml:17:1-46:12
MERGED from [:com.google.firebase.firebase-iid-interop-16.0.0:] AndroidManifest.xml:2:1-10:12
MERGED from [:com.google.firebase.firebase-measurement-connector-17.0.0:] AndroidManifest.xml:17:1-25:12
MERGED from [:com.google.firebase.firebase-measurement-connector-impl-17.0.1:] AndroidManifest.xml:17:1-34:12
MERGED from [:Firebase] AndroidManifest.xml:10:1-19:12
MERGED from [:GoogleMobileAdsPlugin] AndroidManifest.xml:7:1-19:12
MERGED from [:answers] AndroidManifest.xml:2:1-12:12
MERGED from [:beta] AndroidManifest.xml:2:1-12:12
MERGED from [:common_lib] AndroidManifest.xml:2:1-14:12
MERGED from [:crashlytics] AndroidManifest.xml:2:1-12:12
MERGED from [:crashlytics-wrapper] AndroidManifest.xml:2:1-10:12
MERGED from [:fabric] AndroidManifest.xml:2:1-28:12
MERGED from [:fabric-init] AndroidManifest.xml:2:1-12:12
MERGED from [:native_plugins_lib] AndroidManifest.xml:3:1-70:12
MERGED from [:voxelbusters_utility_lib] AndroidManifest.xml:2:1-14:12
INJECTED from src/main/AndroidManifest.xml:2:1-32:12
INJECTED from src/main/AndroidManifest.xml:2:1-32:12
INJECTED from src/main/AndroidManifest.xml:2:1-32:12
	package
		ADDED from src/main/AndroidManifest.xml:2:70-100
		INJECTED from src/main/AndroidManifest.xml
		INJECTED from src/main/AndroidManifest.xml
	android:versionName
		ADDED from src/main/AndroidManifest.xml:2:172-197
		INJECTED from src/main/AndroidManifest.xml
		INJECTED from src/main/AndroidManifest.xml
	xmlns:tools
		ADDED from src/main/AndroidManifest.xml:2:101-147
	xmlns:android
		ADDED from src/main/AndroidManifest.xml:2:11-69
	android:versionCode
		ADDED from src/main/AndroidManifest.xml:2:148-171
		INJECTED from src/main/AndroidManifest.xml
		INJECTED from src/main/AndroidManifest.xml
	android:installLocation
		ADDED from src/main/AndroidManifest.xml:2:198-238
supports-screens
ADDED from src/main/AndroidManifest.xml:3:3-163
	android:largeScreens
		ADDED from src/main/AndroidManifest.xml:3:78-105
	android:smallScreens
		ADDED from src/main/AndroidManifest.xml:3:21-48
	android:normalScreens
		ADDED from src/main/AndroidManifest.xml:3:49-77
	android:xlargeScreens
		ADDED from src/main/AndroidManifest.xml:3:106-134
	android:anyDensity
		ADDED from src/main/AndroidManifest.xml:3:135-160
application
ADDED from src/main/AndroidManifest.xml:4:3-26:17
MERGED from [:android.arch.lifecycle.runtime-1.0.0:] AndroidManifest.xml:24:5-28:19
MERGED from [:android.arch.lifecycle.runtime-1.0.0:] AndroidManifest.xml:24:5-28:19
MERGED from [:com.android.support.animated-vector-drawable-26.1.0:] AndroidManifest.xml:22:5-26:19
MERGED from [:com.android.support.animated-vector-drawable-26.1.0:] AndroidManifest.xml:22:5-26:19
MERGED from [:com.android.support.appcompat-v7-26.1.0:] AndroidManifest.xml:25:5-29:19
MERGED from [:com.android.support.appcompat-v7-26.1.0:] AndroidManifest.xml:25:5-29:19
MERGED from [:com.android.support.cardview-v7-26.1.0:] AndroidManifest.xml:22:5-26:19
MERGED from [:com.android.support.cardview-v7-26.1.0:] AndroidManifest.xml:22:5-26:19
MERGED from [:com.android.support.customtabs-26.1.0:] AndroidManifest.xml:22:5-26:19
MERGED from [:com.android.support.customtabs-26.1.0:] AndroidManifest.xml:22:5-26:19
MERGED from [:com.android.support.support-compat-26.1.0:] AndroidManifest.xml:25:5-29:19
MERGED from [:com.android.support.support-compat-26.1.0:] AndroidManifest.xml:25:5-29:19
MERGED from [:com.android.support.support-core-ui-26.1.0:] AndroidManifest.xml:25:5-29:19
MERGED from [:com.android.support.support-core-ui-26.1.0:] AndroidManifest.xml:25:5-29:19
MERGED from [:com.android.support.support-core-utils-26.1.0:] AndroidManifest.xml:25:5-29:19
MERGED from [:com.android.support.support-core-utils-26.1.0:] AndroidManifest.xml:25:5-29:19
MERGED from [:com.android.support.support-fragment-26.1.0:] AndroidManifest.xml:25:5-29:19
MERGED from [:com.android.support.support-fragment-26.1.0:] AndroidManifest.xml:25:5-29:19
MERGED from [:com.android.support.support-media-compat-26.1.0:] AndroidManifest.xml:25:5-29:19
MERGED from [:com.android.support.support-media-compat-26.1.0:] AndroidManifest.xml:25:5-29:19
MERGED from [:com.android.support.support-v4-26.1.0:] AndroidManifest.xml:25:5-29:19
MERGED from [:com.android.support.support-v4-26.1.0:] AndroidManifest.xml:25:5-29:19
MERGED from [:com.android.support.support-vector-drawable-26.1.0:] AndroidManifest.xml:22:5-26:19
MERGED from [:com.android.support.support-vector-drawable-26.1.0:] AndroidManifest.xml:22:5-26:19
MERGED from [:com.google.android.gms.play-services-ads-base-15.0.1:] AndroidManifest.xml:22:5-20
MERGED from [:com.google.android.gms.play-services-ads-base-15.0.1:] AndroidManifest.xml:22:5-20
MERGED from [:com.google.android.gms.play-services-ads-identifier-15.0.1:] AndroidManifest.xml:22:5-20
MERGED from [:com.google.android.gms.play-services-ads-identifier-15.0.1:] AndroidManifest.xml:22:5-20
MERGED from [:com.google.android.gms.play-services-ads-lite-15.0.1:] AndroidManifest.xml:26:5-34:19
MERGED from [:com.google.android.gms.play-services-ads-lite-15.0.1:] AndroidManifest.xml:26:5-34:19
MERGED from [:com.google.android.gms.play-services-base-15.0.1:] AndroidManifest.xml:22:5-27:19
MERGED from [:com.google.android.gms.play-services-base-15.0.1:] AndroidManifest.xml:22:5-27:19
MERGED from [:com.google.android.gms.play-services-basement-15.0.1:] AndroidManifest.xml:22:5-26:19
MERGED from [:com.google.android.gms.play-services-basement-15.0.1:] AndroidManifest.xml:22:5-26:19
MERGED from [:com.google.android.gms.play-services-gass-15.0.1:] AndroidManifest.xml:7:5-20
MERGED from [:com.google.android.gms.play-services-gass-15.0.1:] AndroidManifest.xml:7:5-20
MERGED from [:com.google.android.gms.play-services-measurement-api-16.0.1:] AndroidManifest.xml:22:5-23:19
MERGED from [:com.google.android.gms.play-services-measurement-api-16.0.1:] AndroidManifest.xml:22:5-23:19
MERGED from [:com.google.android.gms.play-services-measurement-base-16.0.2:] AndroidManifest.xml:7:5-20
MERGED from [:com.google.android.gms.play-services-measurement-base-16.0.2:] AndroidManifest.xml:7:5-20
MERGED from [:com.google.android.gms.play-services-stats-15.0.1:] AndroidManifest.xml:7:5-20
MERGED from [:com.google.android.gms.play-services-stats-15.0.1:] AndroidManifest.xml:7:5-20
MERGED from [:com.google.android.gms.play-services-tasks-15.0.1:] AndroidManifest.xml:7:5-20
MERGED from [:com.google.android.gms.play-services-tasks-15.0.1:] AndroidManifest.xml:7:5-20
MERGED from [:com.google.firebase.firebase-analytics-16.0.3:] AndroidManifest.xml:28:5-53:19
MERGED from [:com.google.firebase.firebase-analytics-16.0.3:] AndroidManifest.xml:28:5-53:19
MERGED from [:com.google.firebase.firebase-analytics-impl-16.2.1:] AndroidManifest.xml:28:5-38:19
MERGED from [:com.google.firebase.firebase-analytics-impl-16.2.1:] AndroidManifest.xml:28:5-38:19
MERGED from [:com.google.firebase.firebase-auth-16.0.3:] AndroidManifest.xml:22:5-36:19
MERGED from [:com.google.firebase.firebase-auth-16.0.3:] AndroidManifest.xml:22:5-36:19
MERGED from [:com.google.firebase.firebase-auth-interop-16.0.0:] AndroidManifest.xml:7:5-8:19
MERGED from [:com.google.firebase.firebase-auth-interop-16.0.0:] AndroidManifest.xml:7:5-8:19
MERGED from [:com.google.firebase.firebase-common-16.0.1:] AndroidManifest.xml:4:3-6:17
MERGED from [:com.google.firebase.firebase-common-16.0.1:] AndroidManifest.xml:4:3-6:17
MERGED from [:com.google.firebase.firebase-core-16.0.3:] AndroidManifest.xml:7:5-20
MERGED from [:com.google.firebase.firebase-core-16.0.3:] AndroidManifest.xml:7:5-20
MERGED from [:com.google.firebase.firebase-iid-16.0.0:] AndroidManifest.xml:26:3-45:17
MERGED from [:com.google.firebase.firebase-iid-16.0.0:] AndroidManifest.xml:26:3-45:17
MERGED from [:com.google.firebase.firebase-iid-interop-16.0.0:] AndroidManifest.xml:7:5-8:19
MERGED from [:com.google.firebase.firebase-iid-interop-16.0.0:] AndroidManifest.xml:7:5-8:19
MERGED from [:com.google.firebase.firebase-measurement-connector-17.0.0:] AndroidManifest.xml:22:5-23:19
MERGED from [:com.google.firebase.firebase-measurement-connector-17.0.0:] AndroidManifest.xml:22:5-23:19
MERGED from [:com.google.firebase.firebase-measurement-connector-impl-17.0.1:] AndroidManifest.xml:26:5-32:19
MERGED from [:com.google.firebase.firebase-measurement-connector-impl-17.0.1:] AndroidManifest.xml:26:5-32:19
MERGED from [:GoogleMobileAdsPlugin] AndroidManifest.xml:16:5-17:19
MERGED from [:GoogleMobileAdsPlugin] AndroidManifest.xml:16:5-17:19
MERGED from [:answers] AndroidManifest.xml:9:5-10:19
MERGED from [:answers] AndroidManifest.xml:9:5-10:19
MERGED from [:beta] AndroidManifest.xml:9:5-10:19
MERGED from [:beta] AndroidManifest.xml:9:5-10:19
MERGED from [:common_lib] AndroidManifest.xml:11:5-12:19
MERGED from [:common_lib] AndroidManifest.xml:11:5-12:19
MERGED from [:crashlytics] AndroidManifest.xml:9:5-10:19
MERGED from [:crashlytics] AndroidManifest.xml:9:5-10:19
MERGED from [:crashlytics-wrapper] AndroidManifest.xml:7:5-8:19
MERGED from [:crashlytics-wrapper] AndroidManifest.xml:7:5-8:19
MERGED from [:fabric] AndroidManifest.xml:7:5-26:19
MERGED from [:fabric] AndroidManifest.xml:7:5-26:19
MERGED from [:fabric-init] AndroidManifest.xml:9:5-10:19
MERGED from [:fabric-init] AndroidManifest.xml:9:5-10:19
MERGED from [:native_plugins_lib] AndroidManifest.xml:44:5-68:19
MERGED from [:native_plugins_lib] AndroidManifest.xml:44:5-68:19
MERGED from [:voxelbusters_utility_lib] AndroidManifest.xml:11:5-12:19
MERGED from [:voxelbusters_utility_lib] AndroidManifest.xml:11:5-12:19
	android:label
		ADDED from src/main/AndroidManifest.xml:4:58-90
	android:icon
		ADDED from src/main/AndroidManifest.xml:4:208-239
	android:banner
		ADDED from src/main/AndroidManifest.xml:4:170-207
	android:theme
		ADDED from src/main/AndroidManifest.xml:4:16-57
	android:isGame
		ADDED from src/main/AndroidManifest.xml:4:148-169
	android:name
		ADDED from src/main/AndroidManifest.xml:4:91-147
activity#com.unity3d.player.UnityPlayerActivity
ADDED from src/main/AndroidManifest.xml:5:5-12:16
	android:screenOrientation
		ADDED from src/main/AndroidManifest.xml:5:102-138
	android:label
		ADDED from src/main/AndroidManifest.xml:5:69-101
	android:launchMode
		ADDED from src/main/AndroidManifest.xml:5:139-170
	android:hardwareAccelerated
		ADDED from src/main/AndroidManifest.xml:5:353-388
	android:configChanges
		ADDED from src/main/AndroidManifest.xml:5:171-352
	android:name
		ADDED from src/main/AndroidManifest.xml:5:15-68
intent-filter#android.intent.action.MAIN+android.intent.category.LAUNCHER+android.intent.category.LEANBACK_LAUNCHER
ADDED from src/main/AndroidManifest.xml:6:7-10:23
action#android.intent.action.MAIN
ADDED from src/main/AndroidManifest.xml:7:9-61
	android:name
		ADDED from src/main/AndroidManifest.xml:7:17-58
category#android.intent.category.LAUNCHER
ADDED from src/main/AndroidManifest.xml:8:9-69
	android:name
		ADDED from src/main/AndroidManifest.xml:8:19-66
category#android.intent.category.LEANBACK_LAUNCHER
ADDED from src/main/AndroidManifest.xml:9:9-78
	android:name
		ADDED from src/main/AndroidManifest.xml:9:19-75
meta-data#unityplayer.UnityActivity
ADDED from src/main/AndroidManifest.xml:11:7-82
	android:value
		ADDED from src/main/AndroidManifest.xml:11:59-79
	android:name
		ADDED from src/main/AndroidManifest.xml:11:18-58
activity#com.facebook.unity.FBUnityLoginActivity
ADDED from src/main/AndroidManifest.xml:13:5-301
	android:configChanges
		ADDED from src/main/AndroidManifest.xml:13:70-227
	android:theme
		ADDED from src/main/AndroidManifest.xml:13:228-298
	android:name
		ADDED from src/main/AndroidManifest.xml:13:15-69
activity#com.facebook.unity.FBUnityDialogsActivity
ADDED from src/main/AndroidManifest.xml:14:5-303
	android:configChanges
		ADDED from src/main/AndroidManifest.xml:14:72-229
	android:theme
		ADDED from src/main/AndroidManifest.xml:14:230-300
	android:name
		ADDED from src/main/AndroidManifest.xml:14:15-71
activity#com.facebook.unity.FBUnityAppLinkActivity
ADDED from src/main/AndroidManifest.xml:15:5-98
	android:exported
		ADDED from src/main/AndroidManifest.xml:15:72-95
	android:name
		ADDED from src/main/AndroidManifest.xml:15:15-71
activity#com.facebook.unity.FBUnityDeepLinkingActivity
ADDED from src/main/AndroidManifest.xml:16:5-102
	android:exported
		ADDED from src/main/AndroidManifest.xml:16:76-99
	android:name
		ADDED from src/main/AndroidManifest.xml:16:15-75
activity#com.facebook.unity.FBUnityGameRequestActivity
ADDED from src/main/AndroidManifest.xml:17:5-78
	android:name
		ADDED from src/main/AndroidManifest.xml:17:15-75
activity#com.facebook.unity.FBUnityCreateGameGroupActivity
ADDED from src/main/AndroidManifest.xml:18:5-82
	android:name
		ADDED from src/main/AndroidManifest.xml:18:15-79
activity#com.facebook.unity.FBUnityJoinGameGroupActivity
ADDED from src/main/AndroidManifest.xml:19:5-80
	android:name
		ADDED from src/main/AndroidManifest.xml:19:15-77
activity#com.facebook.unity.AppInviteDialogActivity
ADDED from src/main/AndroidManifest.xml:20:5-75
	android:name
		ADDED from src/main/AndroidManifest.xml:20:15-72
meta-data#com.facebook.sdk.ApplicationId
ADDED from src/main/AndroidManifest.xml:21:5-98
	android:value
		ADDED from src/main/AndroidManifest.xml:21:62-95
	android:name
		ADDED from src/main/AndroidManifest.xml:21:16-61
provider#com.facebook.FacebookContentProvider
ADDED from src/main/AndroidManifest.xml:22:5-171
	android:authorities
		ADDED from src/main/AndroidManifest.xml:22:67-144
	android:exported
		ADDED from src/main/AndroidManifest.xml:22:145-168
	android:name
		ADDED from src/main/AndroidManifest.xml:22:15-66
meta-data#unity.build-id
ADDED from src/main/AndroidManifest.xml:23:5-101
	android:value
		ADDED from src/main/AndroidManifest.xml:23:46-98
	android:name
		ADDED from src/main/AndroidManifest.xml:23:16-45
meta-data#unity.splash-mode
ADDED from src/main/AndroidManifest.xml:24:5-69
	android:value
		ADDED from src/main/AndroidManifest.xml:24:49-66
	android:name
		ADDED from src/main/AndroidManifest.xml:24:16-48
meta-data#unity.splash-enable
ADDED from src/main/AndroidManifest.xml:25:5-74
	android:value
		ADDED from src/main/AndroidManifest.xml:25:51-71
	android:name
		ADDED from src/main/AndroidManifest.xml:25:16-50
uses-feature#0x00020000
ADDED from src/main/AndroidManifest.xml:27:3-52
	android:glEsVersion
		ADDED from src/main/AndroidManifest.xml:27:17-49
uses-permission#android.permission.INTERNET
ADDED from src/main/AndroidManifest.xml:28:3-65
MERGED from [:com.google.android.gms.play-services-ads-lite-15.0.1:] AndroidManifest.xml:23:5-67
MERGED from [:com.google.android.gms.play-services-ads-lite-15.0.1:] AndroidManifest.xml:23:5-67
MERGED from [:com.google.firebase.firebase-analytics-16.0.3:] AndroidManifest.xml:23:5-67
MERGED from [:com.google.firebase.firebase-analytics-16.0.3:] AndroidManifest.xml:23:5-67
MERGED from [:com.google.firebase.firebase-analytics-impl-16.2.1:] AndroidManifest.xml:23:5-67
MERGED from [:com.google.firebase.firebase-analytics-impl-16.2.1:] AndroidManifest.xml:23:5-67
MERGED from [:com.google.firebase.firebase-database-connection-16.0.1:] AndroidManifest.xml:8:5-67
MERGED from [:com.google.firebase.firebase-database-connection-16.0.1:] AndroidManifest.xml:8:5-67
MERGED from [:com.google.firebase.firebase-iid-16.0.0:] AndroidManifest.xml:20:3-65
MERGED from [:com.google.firebase.firebase-iid-16.0.0:] AndroidManifest.xml:20:3-65
MERGED from [:com.google.firebase.firebase-measurement-connector-impl-17.0.1:] AndroidManifest.xml:22:5-67
MERGED from [:com.google.firebase.firebase-measurement-connector-impl-17.0.1:] AndroidManifest.xml:22:5-67
MERGED from [:answers] AndroidManifest.xml:7:5-67
MERGED from [:answers] AndroidManifest.xml:7:5-67
MERGED from [:beta] AndroidManifest.xml:7:5-67
MERGED from [:beta] AndroidManifest.xml:7:5-67
MERGED from [:crashlytics] AndroidManifest.xml:7:5-67
MERGED from [:crashlytics] AndroidManifest.xml:7:5-67
MERGED from [:fabric-init] AndroidManifest.xml:7:5-67
MERGED from [:fabric-init] AndroidManifest.xml:7:5-67
MERGED from [:native_plugins_lib] AndroidManifest.xml:42:5-67
MERGED from [:native_plugins_lib] AndroidManifest.xml:42:5-67
	android:name
		ADDED from src/main/AndroidManifest.xml:28:20-62
uses-feature#android.hardware.touchscreen
ADDED from src/main/AndroidManifest.xml:29:3-88
	android:required
		ADDED from src/main/AndroidManifest.xml:29:61-85
	android:name
		ADDED from src/main/AndroidManifest.xml:29:17-60
uses-feature#android.hardware.touchscreen.multitouch
ADDED from src/main/AndroidManifest.xml:30:3-99
	android:required
		ADDED from src/main/AndroidManifest.xml:30:72-96
	android:name
		ADDED from src/main/AndroidManifest.xml:30:17-71
uses-feature#android.hardware.touchscreen.multitouch.distinct
ADDED from src/main/AndroidManifest.xml:31:3-108
	android:required
		ADDED from src/main/AndroidManifest.xml:31:81-105
	android:name
		ADDED from src/main/AndroidManifest.xml:31:17-80
uses-sdk
INJECTED from src/main/AndroidManifest.xml reason: use-sdk injection requested
INJECTED from src/main/AndroidManifest.xml
INJECTED from src/main/AndroidManifest.xml
MERGED from [:android.arch.lifecycle.runtime-1.0.0:] AndroidManifest.xml:20:5-22:41
MERGED from [:android.arch.lifecycle.runtime-1.0.0:] AndroidManifest.xml:20:5-22:41
MERGED from [:com.android.support.animated-vector-drawable-26.1.0:] AndroidManifest.xml:20:5-44
MERGED from [:com.android.support.animated-vector-drawable-26.1.0:] AndroidManifest.xml:20:5-44
MERGED from [:com.android.support.appcompat-v7-26.1.0:] AndroidManifest.xml:21:5-23:78
MERGED from [:com.android.support.appcompat-v7-26.1.0:] AndroidManifest.xml:21:5-23:78
MERGED from [:com.android.support.cardview-v7-26.1.0:] AndroidManifest.xml:20:5-44
MERGED from [:com.android.support.cardview-v7-26.1.0:] AndroidManifest.xml:20:5-44
MERGED from [:com.android.support.customtabs-26.1.0:] AndroidManifest.xml:20:5-44
MERGED from [:com.android.support.customtabs-26.1.0:] AndroidManifest.xml:20:5-44
MERGED from [:com.android.support.support-compat-26.1.0:] AndroidManifest.xml:21:5-23:58
MERGED from [:com.android.support.support-compat-26.1.0:] AndroidManifest.xml:21:5-23:58
MERGED from [:com.android.support.support-core-ui-26.1.0:] AndroidManifest.xml:21:5-23:58
MERGED from [:com.android.support.support-core-ui-26.1.0:] AndroidManifest.xml:21:5-23:58
MERGED from [:com.android.support.support-core-utils-26.1.0:] AndroidManifest.xml:21:5-23:61
MERGED from [:com.android.support.support-core-utils-26.1.0:] AndroidManifest.xml:21:5-23:61
MERGED from [:com.android.support.support-fragment-26.1.0:] AndroidManifest.xml:21:5-23:60
MERGED from [:com.android.support.support-fragment-26.1.0:] AndroidManifest.xml:21:5-23:60
MERGED from [:com.android.support.support-media-compat-26.1.0:] AndroidManifest.xml:21:5-23:63
MERGED from [:com.android.support.support-media-compat-26.1.0:] AndroidManifest.xml:21:5-23:63
MERGED from [:com.android.support.support-v4-26.1.0:] AndroidManifest.xml:21:5-23:54
MERGED from [:com.android.support.support-v4-26.1.0:] AndroidManifest.xml:21:5-23:54
MERGED from [:com.android.support.support-vector-drawable-26.1.0:] AndroidManifest.xml:20:5-44
MERGED from [:com.android.support.support-vector-drawable-26.1.0:] AndroidManifest.xml:20:5-44
MERGED from [:com.google.android.gms.play-services-ads-15.0.1:] AndroidManifest.xml:21:5-23:62
MERGED from [:com.google.android.gms.play-services-ads-15.0.1:] AndroidManifest.xml:21:5-23:62
MERGED from [:com.google.android.gms.play-services-ads-base-15.0.1:] AndroidManifest.xml:20:5-44
MERGED from [:com.google.android.gms.play-services-ads-base-15.0.1:] AndroidManifest.xml:20:5-44
MERGED from [:com.google.android.gms.play-services-ads-identifier-15.0.1:] AndroidManifest.xml:20:5-44
MERGED from [:com.google.android.gms.play-services-ads-identifier-15.0.1:] AndroidManifest.xml:20:5-44
MERGED from [:com.google.android.gms.play-services-ads-lite-15.0.1:] AndroidManifest.xml:20:5-44
MERGED from [:com.google.android.gms.play-services-ads-lite-15.0.1:] AndroidManifest.xml:20:5-44
MERGED from [:com.google.android.gms.play-services-base-15.0.1:] AndroidManifest.xml:20:5-44
MERGED from [:com.google.android.gms.play-services-base-15.0.1:] AndroidManifest.xml:20:5-44
MERGED from [:com.google.android.gms.play-services-basement-15.0.1:] AndroidManifest.xml:20:5-44
MERGED from [:com.google.android.gms.play-services-basement-15.0.1:] AndroidManifest.xml:20:5-44
MERGED from [:com.google.android.gms.play-services-flags-15.0.1:] AndroidManifest.xml:20:5-44
MERGED from [:com.google.android.gms.play-services-flags-15.0.1:] AndroidManifest.xml:20:5-44
MERGED from [:com.google.android.gms.play-services-gass-15.0.1:] AndroidManifest.xml:5:5-44
MERGED from [:com.google.android.gms.play-services-gass-15.0.1:] AndroidManifest.xml:5:5-44
MERGED from [:com.google.android.gms.play-services-measurement-api-16.0.1:] AndroidManifest.xml:20:5-44
MERGED from [:com.google.android.gms.play-services-measurement-api-16.0.1:] AndroidManifest.xml:20:5-44
MERGED from [:com.google.android.gms.play-services-measurement-base-16.0.2:] AndroidManifest.xml:5:5-44
MERGED from [:com.google.android.gms.play-services-measurement-base-16.0.2:] AndroidManifest.xml:5:5-44
MERGED from [:com.google.android.gms.play-services-stats-15.0.1:] AndroidManifest.xml:5:5-44
MERGED from [:com.google.android.gms.play-services-stats-15.0.1:] AndroidManifest.xml:5:5-44
MERGED from [:com.google.android.gms.play-services-tasks-15.0.1:] AndroidManifest.xml:5:5-44
MERGED from [:com.google.android.gms.play-services-tasks-15.0.1:] AndroidManifest.xml:5:5-44
MERGED from [:com.google.firebase.firebase-analytics-16.0.3:] AndroidManifest.xml:20:5-44
MERGED from [:com.google.firebase.firebase-analytics-16.0.3:] AndroidManifest.xml:20:5-44
MERGED from [:com.google.firebase.firebase-analytics-impl-16.2.1:] AndroidManifest.xml:20:5-44
MERGED from [:com.google.firebase.firebase-analytics-impl-16.2.1:] AndroidManifest.xml:20:5-44
MERGED from [:com.google.firebase.firebase-app-unity-5.3.0:] AndroidManifest.xml:7:3-41
MERGED from [:com.google.firebase.firebase-app-unity-5.3.0:] AndroidManifest.xml:7:3-41
MERGED from [:com.google.firebase.firebase-auth-16.0.3:] AndroidManifest.xml:20:5-44
MERGED from [:com.google.firebase.firebase-auth-16.0.3:] AndroidManifest.xml:20:5-44
MERGED from [:com.google.firebase.firebase-auth-interop-16.0.0:] AndroidManifest.xml:5:5-44
MERGED from [:com.google.firebase.firebase-auth-interop-16.0.0:] AndroidManifest.xml:5:5-44
MERGED from [:com.google.firebase.firebase-auth-unity-5.3.0:] AndroidManifest.xml:7:3-41
MERGED from [:com.google.firebase.firebase-auth-unity-5.3.0:] AndroidManifest.xml:7:3-41
MERGED from [:com.google.firebase.firebase-common-16.0.1:] AndroidManifest.xml:3:3-72
MERGED from [:com.google.firebase.firebase-common-16.0.1:] AndroidManifest.xml:3:3-72
MERGED from [:com.google.firebase.firebase-core-16.0.3:] AndroidManifest.xml:5:5-44
MERGED from [:com.google.firebase.firebase-core-16.0.3:] AndroidManifest.xml:5:5-44
MERGED from [:com.google.firebase.firebase-database-16.0.1:] AndroidManifest.xml:6:5-44
MERGED from [:com.google.firebase.firebase-database-16.0.1:] AndroidManifest.xml:6:5-44
MERGED from [:com.google.firebase.firebase-database-collection-15.0.1:] AndroidManifest.xml:6:5-44
MERGED from [:com.google.firebase.firebase-database-collection-15.0.1:] AndroidManifest.xml:6:5-44
MERGED from [:com.google.firebase.firebase-database-connection-16.0.1:] AndroidManifest.xml:6:5-44
MERGED from [:com.google.firebase.firebase-database-connection-16.0.1:] AndroidManifest.xml:6:5-44
MERGED from [:com.google.firebase.firebase-database-unity-5.3.0:] AndroidManifest.xml:7:3-41
MERGED from [:com.google.firebase.firebase-database-unity-5.3.0:] AndroidManifest.xml:7:3-41
MERGED from [:com.google.firebase.firebase-iid-16.0.0:] AndroidManifest.xml:18:3-42
MERGED from [:com.google.firebase.firebase-iid-16.0.0:] AndroidManifest.xml:18:3-42
MERGED from [:com.google.firebase.firebase-iid-interop-16.0.0:] AndroidManifest.xml:5:5-44
MERGED from [:com.google.firebase.firebase-iid-interop-16.0.0:] AndroidManifest.xml:5:5-44
MERGED from [:com.google.firebase.firebase-measurement-connector-17.0.0:] AndroidManifest.xml:20:5-44
MERGED from [:com.google.firebase.firebase-measurement-connector-17.0.0:] AndroidManifest.xml:20:5-44
MERGED from [:com.google.firebase.firebase-measurement-connector-impl-17.0.1:] AndroidManifest.xml:20:5-44
MERGED from [:com.google.firebase.firebase-measurement-connector-impl-17.0.1:] AndroidManifest.xml:20:5-44
MERGED from [:Firebase] AndroidManifest.xml:15:5-17:40
MERGED from [:Firebase] AndroidManifest.xml:15:5-17:40
MERGED from [:GoogleMobileAdsPlugin] AndroidManifest.xml:12:5-14:41
MERGED from [:GoogleMobileAdsPlugin] AndroidManifest.xml:12:5-14:41
MERGED from [:answers] AndroidManifest.xml:5:5-47
MERGED from [:answers] AndroidManifest.xml:5:5-47
MERGED from [:beta] AndroidManifest.xml:5:5-47
MERGED from [:beta] AndroidManifest.xml:5:5-47
MERGED from [:common_lib] AndroidManifest.xml:7:5-9:41
MERGED from [:common_lib] AndroidManifest.xml:7:5-9:41
MERGED from [:crashlytics] AndroidManifest.xml:5:5-47
MERGED from [:crashlytics] AndroidManifest.xml:5:5-47
MERGED from [:crashlytics-wrapper] AndroidManifest.xml:5:5-47
MERGED from [:crashlytics-wrapper] AndroidManifest.xml:5:5-47
MERGED from [:fabric] AndroidManifest.xml:5:5-47
MERGED from [:fabric] AndroidManifest.xml:5:5-47
MERGED from [:fabric-init] AndroidManifest.xml:5:5-47
MERGED from [:fabric-init] AndroidManifest.xml:5:5-47
MERGED from [:native_plugins_lib] AndroidManifest.xml:8:5-10:41
MERGED from [:native_plugins_lib] AndroidManifest.xml:8:5-10:41
MERGED from [:voxelbusters_utility_lib] AndroidManifest.xml:7:5-9:41
MERGED from [:voxelbusters_utility_lib] AndroidManifest.xml:7:5-9:41
INJECTED from src/main/AndroidManifest.xml
INJECTED from src/main/AndroidManifest.xml
	tools:overrideLibrary
		ADDED from [:com.android.support.appcompat-v7-26.1.0:] AndroidManifest.xml:23:9-75
	android:targetSdkVersion
		INJECTED from src/main/AndroidManifest.xml
		ADDED from src/main/AndroidManifest.xml
		INJECTED from src/main/AndroidManifest.xml
	android:minSdkVersion
		INJECTED from src/main/AndroidManifest.xml
		ADDED from src/main/AndroidManifest.xml
		MERGED from src/main/AndroidManifest.xml
		MERGED from src/main/AndroidManifest.xml